<?xml version="1.0" encoding="UTF-8" standalone="no"?><testsuite errors="0" failures="1" name="Gestión de Productos" skipped="0" tests="4" time="12.06" timestamp="2025-06-18 07:41:28"><testcase name="Seleccion de producto Samsung Galaxy S6"/><testcase name="Agregar producto al carrito"/><testcase name="Verificar producto en carrito"/><testcase name="Eliminar producto del carrito"><failure message="&#13;&#10;Expected: an element that is not visible&#13;&#10;     but: the element identified by [[ChromeDriver: chrome on windows (38485a5df260ea05fda68ff4df765cef)] -&gt; xpath: //td[contains(text(),'Samsung galaxy s6')]] [] was visible" type="java.lang.AssertionError">&#13;
Expected: an element that is not visible&#13;
     but: the element identified by [[ChromeDriver: chrome on windows (38485a5df260ea05fda68ff4df765cef)] -&gt; xpath: //td[contains(text(),'Samsung galaxy s6')]] [] was visible</failure><system-err>&#13;
Expected: an element that is not visible&#13;
     but: the element identified by [[ChromeDriver: chrome on windows (38485a5df260ea05fda68ff4df765cef)] -&gt; xpath: //td[contains(text(),'Samsung galaxy s6')]] [] was visible&#13;
com.demoblaze.stepsDefinitions.GestionProductosStepDefinitions.elProductoDesapareceráDelListado(GestionProductosStepDefinitions.java:76)&#13;
io.cucumber.java.Invoker.doInvoke(Invoker.java:66)&#13;
io.cucumber.java.Invoker.invoke(Invoker.java:24)&#13;
io.cucumber.java.AbstractGlueDefinition.invokeMethod(AbstractGlueDefinition.java:47)&#13;
io.cucumber.java.JavaStepDefinition.execute(JavaStepDefinition.java:29)&#13;
io.cucumber.core.runner.CoreStepDefinition.execute(CoreStepDefinition.java:66)&#13;
io.cucumber.core.runner.PickleStepDefinitionMatch.runStep(PickleStepDefinitionMatch.java:63)&#13;
io.cucumber.core.runner.TestStep.executeStep(TestStep.java:84)&#13;
io.cucumber.core.runner.TestStep.run(TestStep.java:56)&#13;
io.cucumber.core.runner.PickleStepTestStep.run(PickleStepTestStep.java:51)&#13;
io.cucumber.core.runner.TestCase.run(TestCase.java:84)&#13;
io.cucumber.core.runner.Runner.runPickle(Runner.java:75)&#13;
io.cucumber.core.runtime.CucumberExecutionContext.lambda$runTestCase$5(CucumberExecutionContext.java:137)&#13;
io.cucumber.core.runtime.RethrowingThrowableCollector.executeAndThrow(RethrowingThrowableCollector.java:23)&#13;
io.cucumber.core.runtime.CucumberExecutionContext.runTestCase(CucumberExecutionContext.java:137)&#13;
io.cucumber.junit.FeatureRunner.runChild(FeatureRunner.java:144)&#13;
io.cucumber.junit.FeatureRunner.runChild(FeatureRunner.java:28)&#13;
io.cucumber.junit.FeatureRunner.run(FeatureRunner.java:137)&#13;
io.cucumber.junit.CucumberSerenityBaseRunner.runChild(CucumberSerenityBaseRunner.java:332)&#13;
io.cucumber.junit.CucumberSerenityBaseRunner.runChild(CucumberSerenityBaseRunner.java:53)&#13;
com.demoblaze.runners.RunnerPersonalizado.run(RunnerPersonalizado.java:52)&#13;
worker.org.gradle.process.internal.worker.GradleWorkerMain.run(GradleWorkerMain.java:69)&#13;
worker.org.gradle.process.internal.worker.GradleWorkerMain.main(GradleWorkerMain.java:74)&#13;
</system-err></testcase></testsuite>